<?xml version="1.0" encoding="utf-8"?>
<testsuites>
    <testsuite name="ptx-edge-builder" errors="0" failures="0" skipped="0" tests="2" time="0.063"
               timestamp="2025-06-16T11:20:53.965264+00:00" hostname="fe0932dc5eb4">
        <testcase classname="test_builder_cfg" name="test_builder_cfg" time="0.001"/>
        <testcase classname="test_builder_cfg" name="test_builder_missing_cfg" time="0.001"/>
    </testsuite>
</testsuites>