<?xml version="1.0" encoding="utf-8"?>
<testsuites>
    <testsuite name="ptx-edge-mock-api" errors="0" failures="0" skipped="0" tests="18" time="0.454"
               timestamp="2025-06-16T11:22:52.294582+00:00" hostname="941ee9e17778">
        <testcase classname="test_api_default" name="test_openapi" time="0.052"/>
        <testcase classname="test_api_default" name="test_ui_doc" time="0.002"/>
        <testcase classname="test_api_default" name="test_versions" time="0.002"/>
        <testcase classname="test_customer_api_request_edge_proc" name="test_request_edge_proc_a_ok" time="0.003"/>
        <testcase classname="test_customer_api_request_edge_proc" name="test_request_edge_proc_fail400" time="0.002"/>
        <testcase classname="test_customer_api_request_edge_proc" name="test_request_edge_proc_fail403" time="0.002"/>
        <testcase classname="test_customer_api_request_edge_proc" name="test_request_edge_proc_fail404" time="0.002"/>
        <testcase classname="test_customer_api_request_edge_proc" name="test_request_edge_proc_fail408" time="0.002"/>
        <testcase classname="test_customer_api_request_edge_proc" name="test_request_edge_proc_fail412" time="0.001"/>
        <testcase classname="test_customer_api_request_edge_proc" name="test_request_edge_proc_fail503" time="0.001"/>
        <testcase classname="test_customer_api_request_privacy_edge_proc" name="test_request_edge_proc_a_ok"
                  time="0.003"/>
        <testcase classname="test_customer_api_request_privacy_edge_proc" name="test_request_edge_proc_fail400"
                  time="0.002"/>
        <testcase classname="test_customer_api_request_privacy_edge_proc" name="test_request_edge_proc_fail401"
                  time="0.002"/>
        <testcase classname="test_customer_api_request_privacy_edge_proc" name="test_request_edge_proc_fail403"
                  time="0.002"/>
        <testcase classname="test_customer_api_request_privacy_edge_proc" name="test_request_edge_proc_fail404"
                  time="0.002"/>
        <testcase classname="test_customer_api_request_privacy_edge_proc" name="test_request_edge_proc_fail408"
                  time="0.002"/>
        <testcase classname="test_customer_api_request_privacy_edge_proc" name="test_request_edge_proc_fail412"
                  time="0.002"/>
        <testcase classname="test_customer_api_request_privacy_edge_proc" name="test_request_edge_proc_fail503"
                  time="0.002"/>
    </testsuite>
</testsuites>