<?xml version="1.0" encoding="utf-8"?>
<testsuites>
    <testsuite name="ptx-edge-builder" errors="0" failures="0" skipped="0" tests="0" time="0.035"
               timestamp="2025-02-28T16:23:43.484031+00:00" hostname="95aa9207c394"/>
</testsuites>