<?xml version="1.0" encoding="utf-8"?>
<testsuites>
    <testsuite name="ptx-edge-rest-api" errors="0" failures="0" skipped="0" tests="2" time="1.197"
               timestamp="2025-03-05T15:19:36.814511+00:00" hostname="196bd5f5912e">
        <testcase classname="test_ptx_edge_health" name="test_health" time="0.096"/>
        <testcase classname="test_ptx_edge_versions" name="test_versions" time="0.004"/>
    </testsuite>
</testsuites>