<?xml version="1.0" encoding="utf-8"?>
<testsuites>
    <testsuite name="ptx-edge-rest-api" errors="0" failures="0" skipped="0" tests="0" time="0.058"
               timestamp="2025-02-28T16:24:32.742567+00:00" hostname="b6e021f10109"/>
</testsuites>