<?xml version="1.0" encoding="UTF-8"?>
<testsuite
        failures="0"
        name="ptx-edge-builder"
        tests="3"
        assertions="6">
    <testcase
            classname="ptx-edge-builder"
            name="testPTXEdgeStaticVolumeClaim"
            assertions="2">
    </testcase>
    <testcase
            classname="ptx-edge-builder"
            name="testPTXEdgeDynamicVolumeClaim"
            assertions="2">
    </testcase>
    <testcase
            classname="ptx-edge-builder"
            name="testPTXEdgeBuilder"
            assertions="2">
    </testcase>
</testsuite>
