<?xml version="1.0" encoding="UTF-8"?>
<testsuite
        failures="0"
        name="ptx-edge-rest-api"
        tests="1"
        assertions="6">
    <testcase
            classname="ptx-edge-rest-api"
            name="testPTXEdgeRESTAPI"
            assertions="6">
    </testcase>
</testsuite>
