<?xml version="1.0" encoding="UTF-8"?>
<testsuite
  failures="0"
  name="ptx-connector"
  tests="3"
  timestamp="2025-06-16T08:41:04+0000"
  time="147.135148421"
  assertions="7"
>
  <testcase
    classname="ptx-connector"
    name="testPTXSandboxCatalog"
    time="6.250937485"
    assertions="1"
  >
  </testcase>
  <testcase
    classname="ptx-connector"
    name="testPTXConnectorConfig"
    time="12.048586154"
    assertions="1"
  >
  </testcase>
  <testcase
    classname="ptx-connector"
    name="testPTXConnector"
    time="12.022914441"
    assertions="5"
  >
  </testcase>
</testsuite>
